Build started 2/12/2017 8:26:21 PM.
     1>Project "C:\Users\HafizHamza\documents\visual studio 2010\Projects\attendance\attendance\attendance.vcxproj" on node 2 (build target(s)).
     1>InitializeBuildStatus:
         Touching "Debug\attendance.unsuccessfulbuild".
       ClCompile:
         C:\Program Files (x86)\Microsoft Visual Studio 10.0\VC\bin\CL.exe /c /ZI /nologo /W3 /WX- /Od /Oy- /D _MBCS /Gm /EHsc /RTC1 /MDd /GS /fp:precise /Zc:wchar_t /Zc:forScope /Fo"Debug\\" /Fd"Debug\vc100.pdb" /Gd /TP /analyze- /errorReport:prompt attandance.cpp
         attandance.cpp
     1>c:\users\hafizhamza\documents\visual studio 2010\projects\attendance\attendance\attandance.cpp(8): warning C4305: '=' : truncation from 'int' to 'char'
     1>c:\users\hafizhamza\documents\visual studio 2010\projects\attendance\attendance\attandance.cpp(8): warning C4309: '=' : truncation of constant value
       Link:
         C:\Program Files (x86)\Microsoft Visual Studio 10.0\VC\bin\link.exe /ERRORREPORT:PROMPT /OUT:"C:\Users\HafizHamza\documents\visual studio 2010\Projects\attendance\Debug\attendance.exe" /NOLOGO kernel32.lib user32.lib gdi32.lib winspool.lib comdlg32.lib advapi32.lib shell32.lib ole32.lib oleaut32.lib uuid.lib odbc32.lib odbccp32.lib /MANIFEST /ManifestFile:"Debug\attendance.exe.intermediate.manifest" /MANIFESTUAC:"level='asInvoker' uiAccess='false'" /DEBUG /PDB:"C:\Users\HafizHamza\documents\visual studio 2010\Projects\attendance\Debug\attendance.pdb" /TLBID:1 /DYNAMICBASE /NXCOMPAT /IMPLIB:"C:\Users\HafizHamza\documents\visual studio 2010\Projects\attendance\Debug\attendance.lib" /MACHINE:X86 Debug\attandance.obj
         attendance.vcxproj -> C:\Users\HafizHamza\documents\visual studio 2010\Projects\attendance\Debug\attendance.exe
       Manifest:
         C:\Program Files (x86)\Microsoft SDKs\Windows\v7.0A\bin\mt.exe /nologo /verbose /outputresource:"C:\Users\HafizHamza\documents\visual studio 2010\Projects\attendance\Debug\attendance.exe;#1" /manifest Debug\attendance.exe.intermediate.manifest
       FinalizeBuildStatus:
         Deleting file "Debug\attendance.unsuccessfulbuild".
         Touching "Debug\attendance.lastbuildstate".
     1>Done Building Project "C:\Users\HafizHamza\documents\visual studio 2010\Projects\attendance\attendance\attendance.vcxproj" (build target(s)).

Build succeeded.

Time Elapsed 00:00:00.87
